<?xml version="1.0" encoding="UTF-8"?>
<!-- Generated by org.testng.reporters.JUnitReportReporter -->
<testsuite hostname="Sayan" failures="0" tests="1" name="com.lws.testcases.LoginTest" time="3.057" errors="0" timestamp="2025-09-14T23:34:37 IST" skipped="0">
  <testcase classname="com.lws.testcases.LoginTest" name="loginTest" time="3.057"/>
</testsuite> <!-- com.lws.testcases.LoginTest -->
